<?xml version="1.0" encoding="UTF-8"?>
<!-- Generated by org.testng.reporters.JUnitXMLReporter -->
<testsuite ignored="0" hostname="KTLKL-035" failures="1" tests="3" name="Error Validation Test" time="10.733" errors="0" timestamp="2024-10-08T11:08:48 IST">
  <testcase classname="Ecommerce.SeleniumFrameworkDesign.Tests.ErrorValidation" name="LoginErrorValidation" time="1.029">
    <skipped/>
  </testcase> <!-- LoginErrorValidation -->
  <testcase classname="Ecommerce.SeleniumFrameworkDesign.Tests.ErrorValidation" name="LoginErrorValidation" time="0.416">
    <failure type="java.lang.AssertionError" message="expected [Incorrect email and password.] but found [Incorrect email or password.]">
      <![CDATA[java.lang.AssertionError: expected [Incorrect email and password.] but found [Incorrect email or password.]
at Ecommerce.SeleniumFrameworkDesign.Tests.ErrorValidation.LoginErrorValidation(ErrorValidation.java:28)
at java.base/java.util.concurrent.Executors$RunnableAdapter.call(Executors.java:572)
at java.base/java.util.concurrent.FutureTask.run(FutureTask.java:317)
at java.base/java.util.concurrent.ThreadPoolExecutor.runWorker(ThreadPoolExecutor.java:1144)
at java.base/java.util.concurrent.ThreadPoolExecutor$Worker.run(ThreadPoolExecutor.java:642)
at java.base/java.lang.Thread.run(Thread.java:1583)
... Removed 17 stack frames]]>
    </failure>
  </testcase> <!-- LoginErrorValidation -->
  <testcase classname="Ecommerce.SeleniumFrameworkDesign.Tests.ErrorValidation" name="ProductErrorValidation" time="2.712"/>
</testsuite> <!-- Error Validation Test -->
