<?xml version="1.0" encoding="UTF-8"?>
<!-- Generated by org.testng.reporters.JUnitXMLReporter -->
<testsuite ignored="0" hostname="KTLKL-035" failures="1" tests="3" name="Error Validations Test" time="12.918" errors="0" timestamp="2024-10-08T12:29:36 IST">
  <testcase classname="Ecommerce.SeleniumFrameworkDesign.Tests.ErrorValidation" name="LoginErrorValidation" time="1.189">
    <skipped/>
  </testcase> <!-- LoginErrorValidation -->
  <testcase classname="Ecommerce.SeleniumFrameworkDesign.Tests.ErrorValidation" name="LoginErrorValidation" time="0.476">
    <failure type="java.lang.AssertionError" message="expected [Incorrect email and password.] but found [Incorrect email or password.]">
      <![CDATA[java.lang.AssertionError: expected [Incorrect email and password.] but found [Incorrect email or password.]
at Ecommerce.SeleniumFrameworkDesign.Tests.ErrorValidation.LoginErrorValidation(ErrorValidation.java:28)
at java.base/java.util.ArrayList.forEach(ArrayList.java:1596)
at java.base/java.util.concurrent.FutureTask.run(FutureTask.java:317)
at java.base/java.util.concurrent.ThreadPoolExecutor.runWorker(ThreadPoolExecutor.java:1144)
at java.base/java.util.concurrent.ThreadPoolExecutor$Worker.run(ThreadPoolExecutor.java:642)
at java.base/java.lang.Thread.run(Thread.java:1583)
... Removed 21 stack frames]]>
    </failure>
  </testcase> <!-- LoginErrorValidation -->
  <testcase classname="Ecommerce.SeleniumFrameworkDesign.Tests.ErrorValidation" name="ProductErrorValidation" time="2.287"/>
</testsuite> <!-- Error Validations Test -->
